Arguments: 
  C:\Program Files\nodejs\node.exe C:\Users\Jonathon Moore\AppData\Roaming\npm\node_modules\yarn\bin\yarn.js start

PATH: 
  C:\Program Files\Git\mingw64\bin;C:\Program Files\Git\usr\bin;C:\Users\Jonathon Moore\bin;C:\Program Files (x86)\Intel\iCLS Client;C:\Program Files\Intel\iCLS Client;C:\Windows\system32;C:\Windows;C:\Windows\System32\Wbem;C:\Windows\System32\WindowsPowerShell\v1.0;C:\Program Files (x86)\Intel\Intel(R) Management Engine Components\DAL;C:\Program Files\Intel\Intel(R) Management Engine Components\DAL;C:\Program Files (x86)\Intel\Intel(R) Management Engine Components\IPT;C:\Program Files\Intel\Intel(R) Management Engine Components\IPT;C:\Program Files (x86)\NVIDIA Corporation\PhysX\Common;C:\WINDOWS\system32;C:\WINDOWS;C:\WINDOWS\System32\Wbem;C:\WINDOWS\System32\WindowsPowerShell\v1.0;C:\Program Files (x86)\GtkSharp\2.12\bin;C:\Program Files\nodejs;C:\Program Files\MySQL\MySQL Server 5.7\bin;C:\Program Files (x86)\Steam;C:\Program Files\Git\cmd;C:\Program Files\Git\mingw64\bin;C:\Program Files\Git\usr\bin;C:\Users\Jonathon Moore\AppData\Local\Microsoft\WindowsApps;C:\Program Files\Heroku\bin;C:\Users\Jonathon Moore\AppData\Local\GitHubDesktop\bin;C:\Users\Jonathon Moore\AppData\Local\Microsoft\WindowsApps;C:\Program Files\Microsoft VS Code\bin;C:\Users\Jonathon Moore\AppData\Roaming\npm;C:\Program Files\MongoDB\Server\3.6\bin

Yarn version: 
  1.5.1

Node version: 
  8.9.4

Platform: 
  win32 x64

npm manifest: 
  No manifest

yarn manifest: 
  No manifest

Lockfile: 
  No lockfile

Trace: 
  Error: Couldn't find a package.json file in "C:\\Users\\Jonathon Moore\\Documents\\Homework_Assignments\\assignment_14"
      at new MessageError (C:\Users\Jonathon Moore\AppData\Roaming\npm\node_modules\yarn\lib\cli.js:186:110)
      at C:\Users\Jonathon Moore\AppData\Roaming\npm\node_modules\yarn\lib\cli.js:40048:15
      at Generator.next (<anonymous>)
      at step (C:\Users\Jonathon Moore\AppData\Roaming\npm\node_modules\yarn\lib\cli.js:98:30)
      at C:\Users\Jonathon Moore\AppData\Roaming\npm\node_modules\yarn\lib\cli.js:109:13
      at <anonymous>
